# JRE version: OpenJDK Runtime Environment (21.0.6) (build 21.0.6+-13368085-b895.109)
# Java VM: OpenJDK 64-Bit Server VM (21.0.6+-13368085-b895.109, mixed mode, tiered, compressed oops, compressed class ptrs, g1 gc, windows-amd64)
GC Precious Log:
 CardTable entry size: 512
 Card Set container configuration: InlinePtr #cards 5 size 8 Array Of Cards #cards 12 size 40 Howl #buckets 4 coarsen threshold 1843 Howl Bitmap #cards 512 size 80 coarsen threshold 460 Card regions per heap region 1 cards per card region 2048
 CPUs: 8 total, 8 available
 Memory: 16050M
 Large Page Support: Disabled
 NUMA Support: Disabled
 Compressed Oops: Enabled (32-bit)
 Heap Region Size: 1M
 Heap Min Capacity: 8M
 Heap Initial Capacity: 252M
 Heap Max Capacity: 2G
 Pre-touch: Disabled
 Parallel Workers: 8
 Concurrent Workers: 2
 Concurrent Refinement Workers: 8
 Periodic GC: Disabled
Heap:
 garbage-first heap   total 111616K, used 41091K [0x0000000080000000, 0x0000000100000000)
  region size 1024K, 9 young (9216K), 5 survivors (5120K)
 Metaspace       used 59584K, committed 61056K, reserved 1114112K
  class space    used 8068K, committed 8832K, reserved 1048576K
GC Heap History (20 events):
Event: 0.670 GC heap before
{Heap before GC invocations=1 (full 0):
 garbage-first heap   total 258048K, used 40238K [0x0000000080000000, 0x0000000100000000)
  region size 1024K, 37 young (37888K), 3 survivors (3072K)
 Metaspace       used 12164K, committed 12352K, reserved 1114112K
  class space    used 1279K, committed 1408K, reserved 1048576K
}
Event: 0.673 GC heap after
{Heap after GC invocations=2 (full 0):
 garbage-first heap   total 258048K, used 11036K [0x0000000080000000, 0x0000000100000000)
  region size 1024K, 5 young (5120K), 5 survivors (5120K)
 Metaspace       used 12164K, committed 12352K, reserved 1114112K
  class space    used 1279K, committed 1408K, reserved 1048576K
}
Event: 1.046 GC heap before
{Heap before GC invocations=2 (full 0):
 garbage-first heap   total 258048K, used 60188K [0x0000000080000000, 0x0000000100000000)
  region size 1024K, 52 young (53248K), 5 survivors (5120K)
 Metaspace       used 14252K, committed 14528K, reserved 1114112K
  class space    used 1561K, committed 1664K, reserved 1048576K
}
Event: 1.053 GC heap after
{Heap after GC invocations=3 (full 0):
 garbage-first heap   total 258048K, used 17705K [0x0000000080000000, 0x0000000100000000)
  region size 1024K, 6 young (6144K), 6 survivors (6144K)
 Metaspace       used 14252K, committed 14528K, reserved 1114112K
  class space    used 1561K, committed 1664K, reserved 1048576K
}
Event: 1.397 GC heap before
{Heap before GC invocations=3 (full 0):
 garbage-first heap   total 258048K, used 42281K [0x0000000080000000, 0x0000000100000000)
  region size 1024K, 31 young (31744K), 6 survivors (6144K)
 Metaspace       used 21166K, committed 21504K, reserved 1114112K
  class space    used 2441K, committed 2624K, reserved 1048576K
}
Event: 1.400 GC heap after
{Heap after GC invocations=4 (full 0):
 garbage-first heap   total 258048K, used 20737K [0x0000000080000000, 0x0000000100000000)
  region size 1024K, 9 young (9216K), 9 survivors (9216K)
 Metaspace       used 21166K, committed 21504K, reserved 1114112K
  class space    used 2441K, committed 2624K, reserved 1048576K
}
Event: 1.966 GC heap before
{Heap before GC invocations=5 (full 0):
 garbage-first heap   total 75776K, used 72961K [0x0000000080000000, 0x0000000100000000)
  region size 1024K, 61 young (62464K), 9 survivors (9216K)
 Metaspace       used 29559K, committed 30208K, reserved 1114112K
  class space    used 3793K, committed 4096K, reserved 1048576K
}
Event: 1.975 GC heap after
{Heap after GC invocations=6 (full 0):
 garbage-first heap   total 88064K, used 23998K [0x0000000080000000, 0x0000000100000000)
  region size 1024K, 12 young (12288K), 12 survivors (12288K)
 Metaspace       used 29559K, committed 30208K, reserved 1114112K
  class space    used 3793K, committed 4096K, reserved 1048576K
}
Event: 2.362 GC heap before
{Heap before GC invocations=6 (full 0):
 garbage-first heap   total 88064K, used 62910K [0x0000000080000000, 0x0000000100000000)
  region size 1024K, 51 young (52224K), 12 survivors (12288K)
 Metaspace       used 34975K, committed 35840K, reserved 1114112K
  class space    used 4676K, committed 5120K, reserved 1048576K
}
Event: 2.367 GC heap after
{Heap after GC invocations=7 (full 0):
 garbage-first heap   total 88064K, used 26446K [0x0000000080000000, 0x0000000100000000)
  region size 1024K, 6 young (6144K), 6 survivors (6144K)
 Metaspace       used 34975K, committed 35840K, reserved 1114112K
  class space    used 4676K, committed 5120K, reserved 1048576K
}
Event: 2.386 GC heap before
{Heap before GC invocations=7 (full 0):
 garbage-first heap   total 88064K, used 28494K [0x0000000080000000, 0x0000000100000000)
  region size 1024K, 9 young (9216K), 6 survivors (6144K)
 Metaspace       used 35235K, committed 36096K, reserved 1114112K
  class space    used 4727K, committed 5184K, reserved 1048576K
}
Event: 2.389 GC heap after
{Heap after GC invocations=8 (full 0):
 garbage-first heap   total 88064K, used 26720K [0x0000000080000000, 0x0000000100000000)
  region size 1024K, 3 young (3072K), 3 survivors (3072K)
 Metaspace       used 35235K, committed 36096K, reserved 1114112K
  class space    used 4727K, committed 5184K, reserved 1048576K
}
Event: 2.799 GC heap before
{Heap before GC invocations=9 (full 0):
 garbage-first heap   total 88064K, used 71776K [0x0000000080000000, 0x0000000100000000)
  region size 1024K, 48 young (49152K), 3 survivors (3072K)
 Metaspace       used 42455K, committed 43712K, reserved 1114112K
  class space    used 5744K, committed 6336K, reserved 1048576K
}
Event: 2.803 GC heap after
{Heap after GC invocations=10 (full 0):
 garbage-first heap   total 111616K, used 29871K [0x0000000080000000, 0x0000000100000000)
  region size 1024K, 6 young (6144K), 6 survivors (6144K)
 Metaspace       used 42455K, committed 43712K, reserved 1114112K
  class space    used 5744K, committed 6336K, reserved 1048576K
}
Event: 3.112 GC heap before
{Heap before GC invocations=10 (full 0):
 garbage-first heap   total 111616K, used 89263K [0x0000000080000000, 0x0000000100000000)
  region size 1024K, 65 young (66560K), 6 survivors (6144K)
 Metaspace       used 46685K, committed 48000K, reserved 1114112K
  class space    used 6237K, committed 6912K, reserved 1048576K
}
Event: 3.118 GC heap after
{Heap after GC invocations=11 (full 0):
 garbage-first heap   total 111616K, used 33555K [0x0000000080000000, 0x0000000100000000)
  region size 1024K, 8 young (8192K), 8 survivors (8192K)
 Metaspace       used 46685K, committed 48000K, reserved 1114112K
  class space    used 6237K, committed 6912K, reserved 1048576K
}
Event: 3.662 GC heap before
{Heap before GC invocations=11 (full 0):
 garbage-first heap   total 111616K, used 93971K [0x0000000080000000, 0x0000000100000000)
  region size 1024K, 65 young (66560K), 8 survivors (8192K)
 Metaspace       used 54847K, committed 56320K, reserved 1114112K
  class space    used 7386K, committed 8128K, reserved 1048576K
}
Event: 3.667 GC heap after
{Heap after GC invocations=12 (full 0):
 garbage-first heap   total 111616K, used 36917K [0x0000000080000000, 0x0000000100000000)
  region size 1024K, 7 young (7168K), 7 survivors (7168K)
 Metaspace       used 54847K, committed 56320K, reserved 1114112K
  class space    used 7386K, committed 8128K, reserved 1048576K
}
Event: 3.911 GC heap before
{Heap before GC invocations=12 (full 0):
 garbage-first heap   total 111616K, used 65589K [0x0000000080000000, 0x0000000100000000)
  region size 1024K, 36 young (36864K), 7 survivors (7168K)
 Metaspace       used 58969K, committed 60416K, reserved 1114112K
  class space    used 7965K, committed 8704K, reserved 1048576K
}
Event: 3.915 GC heap after
{Heap after GC invocations=13 (full 0):
 garbage-first heap   total 111616K, used 38019K [0x0000000080000000, 0x0000000100000000)
  region size 1024K, 5 young (5120K), 5 survivors (5120K)
 Metaspace       used 58969K, committed 60416K, reserved 1114112K
  class space    used 7965K, committed 8704K, reserved 1048576K
}

